<?xml version="1.0" encoding="UTF-8"?>
<testng-results skipped="0" failed="0" total="1" passed="1">
  <reporter-output>
  </reporter-output>
  <suite name="Default suite" duration-ms="1294" started-at="2017-06-16T05:32:35Z" finished-at="2017-06-16T05:32:37Z">
    <groups>
    </groups>
    <test name="Default test" duration-ms="1294" started-at="2017-06-16T05:32:35Z" finished-at="2017-06-16T05:32:37Z">
      <class name="kywrddriven.KWDFW">
        <test-method status="PASS" signature="KWFramework()[pri:0, instance:kywrddriven.KWDFW@6d00a15d]" name="KWFramework" duration-ms="1259" started-at="2017-06-16T11:02:35Z" finished-at="2017-06-16T11:02:37Z">
          <reporter-output>
          </reporter-output>
        </test-method> <!-- KWFramework -->
      </class> <!-- kywrddriven.KWDFW -->
    </test> <!-- Default test -->
  </suite> <!-- Default suite -->
</testng-results>
